-- The C compiler identification is GNU 13.3.0
-- The CXX compiler identification is GNU 13.3.0
-- Detecting C compiler ABI info
-- Detecting C compiler ABI info - done
-- Check for working C compiler: /usr/bin/cc - skipped
-- Detecting C compile features
-- Detecting C compile features - done
-- Detecting CXX compiler ABI info
-- Detecting CXX compiler ABI info - done
-- Check for working CXX compiler: /usr/bin/c++ - skipped
-- Detecting CXX compile features
-- Detecting CXX compile features - done
-- Found ament_cmake: 2.5.4 (/opt/ros/jazzy/share/ament_cmake/cmake)
-- Found Python3: /usr/bin/python3 (found version "3.12.3") found components: Interpreter 
-- Found rclcpp: 28.1.10 (/opt/ros/jazzy/share/rclcpp/cmake)
-- Found rosidl_generator_c: 4.6.5 (/opt/ros/jazzy/share/rosidl_generator_c/cmake)
-- Found rosidl_generator_cpp: 4.6.5 (/opt/ros/jazzy/share/rosidl_generator_cpp/cmake)
-- Using all available rosidl_typesupport_c: rosidl_typesupport_fastrtps_c;rosidl_typesupport_introspection_c
-- Using all available rosidl_typesupport_cpp: rosidl_typesupport_fastrtps_cpp;rosidl_typesupport_introspection_cpp
-- Found rmw_implementation_cmake: 7.3.2 (/opt/ros/jazzy/share/rmw_implementation_cmake/cmake)
-- Found rmw_fastrtps_cpp: 8.4.2 (/opt/ros/jazzy/share/rmw_fastrtps_cpp/cmake)
-- Found OpenSSL: /usr/lib/x86_64-linux-gnu/libcrypto.so (found version "3.0.13")  
-- Found FastRTPS: /opt/ros/jazzy/include (Required is at least version "2.13") 
-- Using RMW implementation 'rmw_fastrtps_cpp' as default
-- Found nav_msgs: 5.3.6 (/opt/ros/jazzy/share/nav_msgs/cmake)
-- Found tf2: 0.36.12 (/opt/ros/jazzy/share/tf2/cmake)
-- Found tf2_ros: 0.36.12 (/opt/ros/jazzy/share/tf2_ros/cmake)
-- Configuring done (2.9s)
-- Generating done (0.0s)
-- Build files have been written to: /home/giuseppina-iannotti/Documents/GITHUB_PROJECTS/SimplePlanner/build/simple_planner
[ 25%] [32mBuilding CXX object CMakeFiles/simple_planner_node.dir/src/map_utils.cpp.o[0m
[ 75%] [32mBuilding CXX object CMakeFiles/simple_planner_node.dir/src/simple_planner_node.cpp.o[0m
[ 75%] [32mBuilding CXX object CMakeFiles/simple_planner_node.dir/src/main.cpp.o[0m
[100%] [32m[1mLinking CXX executable simple_planner_node[0m
[100%] Built target simple_planner_node
-- Install configuration: ""
-- Installing: /home/giuseppina-iannotti/Documents/GITHUB_PROJECTS/SimplePlanner/install/simple_planner/lib/simple_planner/simple_planner_node
-- Set non-toolchain portion of runtime path of "/home/giuseppina-iannotti/Documents/GITHUB_PROJECTS/SimplePlanner/install/simple_planner/lib/simple_planner/simple_planner_node" to ""
-- Installing: /home/giuseppina-iannotti/Documents/GITHUB_PROJECTS/SimplePlanner/install/simple_planner/share/ament_index/resource_index/package_run_dependencies/simple_planner
-- Installing: /home/giuseppina-iannotti/Documents/GITHUB_PROJECTS/SimplePlanner/install/simple_planner/share/ament_index/resource_index/parent_prefix_path/simple_planner
-- Installing: /home/giuseppina-iannotti/Documents/GITHUB_PROJECTS/SimplePlanner/install/simple_planner/share/simple_planner/environment/ament_prefix_path.sh
-- Installing: /home/giuseppina-iannotti/Documents/GITHUB_PROJECTS/SimplePlanner/install/simple_planner/share/simple_planner/environment/ament_prefix_path.dsv
-- Installing: /home/giuseppina-iannotti/Documents/GITHUB_PROJECTS/SimplePlanner/install/simple_planner/share/simple_planner/environment/path.sh
-- Installing: /home/giuseppina-iannotti/Documents/GITHUB_PROJECTS/SimplePlanner/install/simple_planner/share/simple_planner/environment/path.dsv
-- Installing: /home/giuseppina-iannotti/Documents/GITHUB_PROJECTS/SimplePlanner/install/simple_planner/share/simple_planner/local_setup.bash
-- Installing: /home/giuseppina-iannotti/Documents/GITHUB_PROJECTS/SimplePlanner/install/simple_planner/share/simple_planner/local_setup.sh
-- Installing: /home/giuseppina-iannotti/Documents/GITHUB_PROJECTS/SimplePlanner/install/simple_planner/share/simple_planner/local_setup.zsh
-- Installing: /home/giuseppina-iannotti/Documents/GITHUB_PROJECTS/SimplePlanner/install/simple_planner/share/simple_planner/local_setup.dsv
-- Installing: /home/giuseppina-iannotti/Documents/GITHUB_PROJECTS/SimplePlanner/install/simple_planner/share/simple_planner/package.dsv
-- Installing: /home/giuseppina-iannotti/Documents/GITHUB_PROJECTS/SimplePlanner/install/simple_planner/share/ament_index/resource_index/packages/simple_planner
-- Installing: /home/giuseppina-iannotti/Documents/GITHUB_PROJECTS/SimplePlanner/install/simple_planner/share/simple_planner/cmake/simple_plannerConfig.cmake
-- Installing: /home/giuseppina-iannotti/Documents/GITHUB_PROJECTS/SimplePlanner/install/simple_planner/share/simple_planner/cmake/simple_plannerConfig-version.cmake
-- Installing: /home/giuseppina-iannotti/Documents/GITHUB_PROJECTS/SimplePlanner/install/simple_planner/share/simple_planner/package.xml
