[0.009s] Invoking command in '/home/giuseppina-iannotti/Documents/GITHUB_PROJECTS/SimplePlanner/build/simple_planner': CMAKE_PREFIX_PATH=${CMAKE_PREFIX_PATH}:/opt/ros/jazzy DEBUGINFOD_URLS=https://debuginfod.ubuntu.com /usr/bin/cmake --build /home/giuseppina-iannotti/Documents/GITHUB_PROJECTS/SimplePlanner/build/simple_planner -- -j12 -l12
[0.075s] [ 20%] [32mBuilding CXX object CMakeFiles/simple_planner_node.dir/src/simple_planner_node.cpp.o[0m
[12.825s] [ 40%] [32m[1mLinking CXX executable simple_planner_node[0m
[13.487s] [100%] Built target simple_planner_node
[13.499s] Invoked command in '/home/giuseppina-iannotti/Documents/GITHUB_PROJECTS/SimplePlanner/build/simple_planner' returned '0': CMAKE_PREFIX_PATH=${CMAKE_PREFIX_PATH}:/opt/ros/jazzy DEBUGINFOD_URLS=https://debuginfod.ubuntu.com /usr/bin/cmake --build /home/giuseppina-iannotti/Documents/GITHUB_PROJECTS/SimplePlanner/build/simple_planner -- -j12 -l12
[13.510s] Invoking command in '/home/giuseppina-iannotti/Documents/GITHUB_PROJECTS/SimplePlanner/build/simple_planner': CMAKE_PREFIX_PATH=${CMAKE_PREFIX_PATH}:/opt/ros/jazzy DEBUGINFOD_URLS=https://debuginfod.ubuntu.com /usr/bin/cmake --install /home/giuseppina-iannotti/Documents/GITHUB_PROJECTS/SimplePlanner/build/simple_planner
[13.518s] -- Install configuration: ""
[13.518s] -- Installing: /home/giuseppina-iannotti/Documents/GITHUB_PROJECTS/SimplePlanner/install/simple_planner/lib/simple_planner/simple_planner_node
[13.526s] -- Set non-toolchain portion of runtime path of "/home/giuseppina-iannotti/Documents/GITHUB_PROJECTS/SimplePlanner/install/simple_planner/lib/simple_planner/simple_planner_node" to ""
[13.526s] -- Up-to-date: /home/giuseppina-iannotti/Documents/GITHUB_PROJECTS/SimplePlanner/install/simple_planner/share/ament_index/resource_index/package_run_dependencies/simple_planner
[13.526s] -- Up-to-date: /home/giuseppina-iannotti/Documents/GITHUB_PROJECTS/SimplePlanner/install/simple_planner/share/ament_index/resource_index/parent_prefix_path/simple_planner
[13.526s] -- Up-to-date: /home/giuseppina-iannotti/Documents/GITHUB_PROJECTS/SimplePlanner/install/simple_planner/share/simple_planner/environment/ament_prefix_path.sh
[13.526s] -- Up-to-date: /home/giuseppina-iannotti/Documents/GITHUB_PROJECTS/SimplePlanner/install/simple_planner/share/simple_planner/environment/ament_prefix_path.dsv
[13.526s] -- Up-to-date: /home/giuseppina-iannotti/Documents/GITHUB_PROJECTS/SimplePlanner/install/simple_planner/share/simple_planner/environment/path.sh
[13.527s] -- Up-to-date: /home/giuseppina-iannotti/Documents/GITHUB_PROJECTS/SimplePlanner/install/simple_planner/share/simple_planner/environment/path.dsv
[13.527s] -- Up-to-date: /home/giuseppina-iannotti/Documents/GITHUB_PROJECTS/SimplePlanner/install/simple_planner/share/simple_planner/local_setup.bash
[13.527s] -- Up-to-date: /home/giuseppina-iannotti/Documents/GITHUB_PROJECTS/SimplePlanner/install/simple_planner/share/simple_planner/local_setup.sh
[13.527s] -- Up-to-date: /home/giuseppina-iannotti/Documents/GITHUB_PROJECTS/SimplePlanner/install/simple_planner/share/simple_planner/local_setup.zsh
[13.527s] -- Up-to-date: /home/giuseppina-iannotti/Documents/GITHUB_PROJECTS/SimplePlanner/install/simple_planner/share/simple_planner/local_setup.dsv
[13.527s] -- Installing: /home/giuseppina-iannotti/Documents/GITHUB_PROJECTS/SimplePlanner/install/simple_planner/share/simple_planner/package.dsv
[13.527s] -- Up-to-date: /home/giuseppina-iannotti/Documents/GITHUB_PROJECTS/SimplePlanner/install/simple_planner/share/ament_index/resource_index/packages/simple_planner
[13.527s] -- Up-to-date: /home/giuseppina-iannotti/Documents/GITHUB_PROJECTS/SimplePlanner/install/simple_planner/share/simple_planner/cmake/simple_plannerConfig.cmake
[13.527s] -- Up-to-date: /home/giuseppina-iannotti/Documents/GITHUB_PROJECTS/SimplePlanner/install/simple_planner/share/simple_planner/cmake/simple_plannerConfig-version.cmake
[13.527s] -- Up-to-date: /home/giuseppina-iannotti/Documents/GITHUB_PROJECTS/SimplePlanner/install/simple_planner/share/simple_planner/package.xml
[13.529s] Invoked command in '/home/giuseppina-iannotti/Documents/GITHUB_PROJECTS/SimplePlanner/build/simple_planner' returned '0': CMAKE_PREFIX_PATH=${CMAKE_PREFIX_PATH}:/opt/ros/jazzy DEBUGINFOD_URLS=https://debuginfod.ubuntu.com /usr/bin/cmake --install /home/giuseppina-iannotti/Documents/GITHUB_PROJECTS/SimplePlanner/build/simple_planner
