[0.016s] Invoking command in '/home/giuseppina-iannotti/Documents/GITHUB_PROJECTS/SimplePlanner/build/simple_planner': CMAKE_PREFIX_PATH=${CMAKE_PREFIX_PATH}:/opt/ros/jazzy DEBUGINFOD_URLS=https://debuginfod.ubuntu.com /usr/bin/cmake /home/giuseppina-iannotti/Documents/GITHUB_PROJECTS/SimplePlanner -DCMAKE_EXPORT_COMPILE_COMMANDS=ON -DCMAKE_INSTALL_PREFIX=/home/giuseppina-iannotti/Documents/GITHUB_PROJECTS/SimplePlanner/install/simple_planner
[0.153s] -- The C compiler identification is GNU 13.3.0
[0.291s] -- The CXX compiler identification is GNU 13.3.0
[0.336s] -- Detecting C compiler ABI info
[0.566s] -- Detecting C compiler ABI info - done
[0.589s] -- Check for working C compiler: /usr/bin/cc - skipped
[0.590s] -- Detecting C compile features
[0.591s] -- Detecting C compile features - done
[0.609s] -- Detecting CXX compiler ABI info
[0.889s] -- Detecting CXX compiler ABI info - done
[0.921s] -- Check for working CXX compiler: /usr/bin/c++ - skipped
[0.922s] -- Detecting CXX compile features
[0.923s] -- Detecting CXX compile features - done
[0.929s] -- Found ament_cmake: 2.5.4 (/opt/ros/jazzy/share/ament_cmake/cmake)
[1.341s] -- Found Python3: /usr/bin/python3 (found version "3.12.3") found components: Interpreter 
[1.509s] -- Found rclcpp: 28.1.10 (/opt/ros/jazzy/share/rclcpp/cmake)
[1.598s] -- Found rosidl_generator_c: 4.6.5 (/opt/ros/jazzy/share/rosidl_generator_c/cmake)
[1.615s] -- Found rosidl_generator_cpp: 4.6.5 (/opt/ros/jazzy/share/rosidl_generator_cpp/cmake)
[1.628s] -- Using all available rosidl_typesupport_c: rosidl_typesupport_fastrtps_c;rosidl_typesupport_introspection_c
[1.640s] -- Using all available rosidl_typesupport_cpp: rosidl_typesupport_fastrtps_cpp;rosidl_typesupport_introspection_cpp
[1.690s] -- Found rmw_implementation_cmake: 7.3.2 (/opt/ros/jazzy/share/rmw_implementation_cmake/cmake)
[1.691s] -- Found rmw_fastrtps_cpp: 8.4.2 (/opt/ros/jazzy/share/rmw_fastrtps_cpp/cmake)
[1.847s] -- Found OpenSSL: /usr/lib/x86_64-linux-gnu/libcrypto.so (found version "3.0.13")  
[1.912s] -- Found FastRTPS: /opt/ros/jazzy/include (Required is at least version "2.13") 
[1.976s] -- Using RMW implementation 'rmw_fastrtps_cpp' as default
[2.032s] -- Found nav_msgs: 5.3.6 (/opt/ros/jazzy/share/nav_msgs/cmake)
[2.072s] -- Found tf2: 0.36.12 (/opt/ros/jazzy/share/tf2/cmake)
[2.075s] -- Found tf2_ros: 0.36.12 (/opt/ros/jazzy/share/tf2_ros/cmake)
[2.317s] -- Configuring done (2.3s)
[2.341s] -- Generating done (0.0s)
[2.348s] -- Build files have been written to: /home/giuseppina-iannotti/Documents/GITHUB_PROJECTS/SimplePlanner/build/simple_planner
[2.374s] Invoked command in '/home/giuseppina-iannotti/Documents/GITHUB_PROJECTS/SimplePlanner/build/simple_planner' returned '0': CMAKE_PREFIX_PATH=${CMAKE_PREFIX_PATH}:/opt/ros/jazzy DEBUGINFOD_URLS=https://debuginfod.ubuntu.com /usr/bin/cmake /home/giuseppina-iannotti/Documents/GITHUB_PROJECTS/SimplePlanner -DCMAKE_EXPORT_COMPILE_COMMANDS=ON -DCMAKE_INSTALL_PREFIX=/home/giuseppina-iannotti/Documents/GITHUB_PROJECTS/SimplePlanner/install/simple_planner
[2.377s] Invoking command in '/home/giuseppina-iannotti/Documents/GITHUB_PROJECTS/SimplePlanner/build/simple_planner': CMAKE_PREFIX_PATH=${CMAKE_PREFIX_PATH}:/opt/ros/jazzy DEBUGINFOD_URLS=https://debuginfod.ubuntu.com /usr/bin/cmake --build /home/giuseppina-iannotti/Documents/GITHUB_PROJECTS/SimplePlanner/build/simple_planner -- -j12 -l12
[2.525s] [ 33%] [32mBuilding CXX object CMakeFiles/simple_planner_node.dir/src/simple_planner_node.cpp.o[0m
[2.526s] [ 66%] [32mBuilding CXX object CMakeFiles/simple_planner_node.dir/src/main.cpp.o[0m
[5.052s] [100%] [32m[1mLinking CXX executable simple_planner_node[0m
[5.412s] [100%] Built target simple_planner_node
[5.441s] Invoked command in '/home/giuseppina-iannotti/Documents/GITHUB_PROJECTS/SimplePlanner/build/simple_planner' returned '0': CMAKE_PREFIX_PATH=${CMAKE_PREFIX_PATH}:/opt/ros/jazzy DEBUGINFOD_URLS=https://debuginfod.ubuntu.com /usr/bin/cmake --build /home/giuseppina-iannotti/Documents/GITHUB_PROJECTS/SimplePlanner/build/simple_planner -- -j12 -l12
[5.459s] Invoking command in '/home/giuseppina-iannotti/Documents/GITHUB_PROJECTS/SimplePlanner/build/simple_planner': CMAKE_PREFIX_PATH=${CMAKE_PREFIX_PATH}:/opt/ros/jazzy DEBUGINFOD_URLS=https://debuginfod.ubuntu.com /usr/bin/cmake --install /home/giuseppina-iannotti/Documents/GITHUB_PROJECTS/SimplePlanner/build/simple_planner
[5.479s] -- Install configuration: ""
[5.479s] -- Installing: /home/giuseppina-iannotti/Documents/GITHUB_PROJECTS/SimplePlanner/install/simple_planner/lib/simple_planner/simple_planner_node
[5.480s] -- Set non-toolchain portion of runtime path of "/home/giuseppina-iannotti/Documents/GITHUB_PROJECTS/SimplePlanner/install/simple_planner/lib/simple_planner/simple_planner_node" to ""
[5.481s] -- Installing: /home/giuseppina-iannotti/Documents/GITHUB_PROJECTS/SimplePlanner/install/simple_planner/share/ament_index/resource_index/package_run_dependencies/simple_planner
[5.481s] -- Installing: /home/giuseppina-iannotti/Documents/GITHUB_PROJECTS/SimplePlanner/install/simple_planner/share/ament_index/resource_index/parent_prefix_path/simple_planner
[5.482s] -- Installing: /home/giuseppina-iannotti/Documents/GITHUB_PROJECTS/SimplePlanner/install/simple_planner/share/simple_planner/environment/ament_prefix_path.sh
[5.483s] -- Installing: /home/giuseppina-iannotti/Documents/GITHUB_PROJECTS/SimplePlanner/install/simple_planner/share/simple_planner/environment/ament_prefix_path.dsv
[5.483s] -- Installing: /home/giuseppina-iannotti/Documents/GITHUB_PROJECTS/SimplePlanner/install/simple_planner/share/simple_planner/environment/path.sh
[5.484s] -- Installing: /home/giuseppina-iannotti/Documents/GITHUB_PROJECTS/SimplePlanner/install/simple_planner/share/simple_planner/environment/path.dsv
[5.484s] -- Installing: /home/giuseppina-iannotti/Documents/GITHUB_PROJECTS/SimplePlanner/install/simple_planner/share/simple_planner/local_setup.bash
[5.484s] -- Installing: /home/giuseppina-iannotti/Documents/GITHUB_PROJECTS/SimplePlanner/install/simple_planner/share/simple_planner/local_setup.sh
[5.485s] -- Installing: /home/giuseppina-iannotti/Documents/GITHUB_PROJECTS/SimplePlanner/install/simple_planner/share/simple_planner/local_setup.zsh
[5.485s] -- Installing: /home/giuseppina-iannotti/Documents/GITHUB_PROJECTS/SimplePlanner/install/simple_planner/share/simple_planner/local_setup.dsv
[5.485s] -- Installing: /home/giuseppina-iannotti/Documents/GITHUB_PROJECTS/SimplePlanner/install/simple_planner/share/simple_planner/package.dsv
[5.486s] -- Installing: /home/giuseppina-iannotti/Documents/GITHUB_PROJECTS/SimplePlanner/install/simple_planner/share/ament_index/resource_index/packages/simple_planner
[5.486s] -- Installing: /home/giuseppina-iannotti/Documents/GITHUB_PROJECTS/SimplePlanner/install/simple_planner/share/simple_planner/cmake/simple_plannerConfig.cmake
[5.486s] -- Installing: /home/giuseppina-iannotti/Documents/GITHUB_PROJECTS/SimplePlanner/install/simple_planner/share/simple_planner/cmake/simple_plannerConfig-version.cmake
[5.487s] -- Installing: /home/giuseppina-iannotti/Documents/GITHUB_PROJECTS/SimplePlanner/install/simple_planner/share/simple_planner/package.xml
[5.493s] Invoked command in '/home/giuseppina-iannotti/Documents/GITHUB_PROJECTS/SimplePlanner/build/simple_planner' returned '0': CMAKE_PREFIX_PATH=${CMAKE_PREFIX_PATH}:/opt/ros/jazzy DEBUGINFOD_URLS=https://debuginfod.ubuntu.com /usr/bin/cmake --install /home/giuseppina-iannotti/Documents/GITHUB_PROJECTS/SimplePlanner/build/simple_planner
