[0.083s] DEBUG:colcon:Command line arguments: ['/usr/bin/colcon', 'build', '--cmake-args', '-DCMAKE_EXPORT_COMPILE_COMMANDS=ON']
[0.083s] DEBUG:colcon:Parsed command line arguments: Namespace(log_base=None, log_level=None, verb_name='build', build_base='build', install_base='install', merge_install=False, symlink_install=False, test_result_base=None, continue_on_error=False, executor='parallel', parallel_workers=12, event_handlers=None, ignore_user_meta=False, metas=['./colcon.meta'], base_paths=['.'], packages_ignore=None, packages_ignore_regex=None, paths=None, packages_up_to=None, packages_up_to_regex=None, packages_above=None, packages_above_and_dependencies=None, packages_above_depth=None, packages_select_by_dep=None, packages_skip_by_dep=None, packages_skip_up_to=None, packages_select_build_failed=False, packages_skip_build_finished=False, packages_select_test_failures=False, packages_skip_test_passed=False, packages_select=None, packages_skip=None, packages_select_regex=None, packages_skip_regex=None, packages_start=None, packages_end=None, allow_overriding=[], cmake_args=['-DCMAKE_EXPORT_COMPILE_COMMANDS=ON'], cmake_target=None, cmake_target_skip_unavailable=False, cmake_clean_cache=False, cmake_clean_first=False, cmake_force_configure=False, ament_cmake_args=None, catkin_cmake_args=None, catkin_skip_building_tests=False, mixin_files=None, mixin=None, verb_parser=<colcon_mixin.mixin.mixin_argument.MixinArgumentDecorator object at 0x7040d00992b0>, verb_extension=<colcon_core.verb.build.BuildVerb object at 0x7040d0098c80>, main=<bound method BuildVerb.main of <colcon_core.verb.build.BuildVerb object at 0x7040d0098c80>>, mixin_verb=('build',))
[0.105s] Level 1:colcon.colcon_core.package_discovery:discover_packages(colcon_meta) check parameters
[0.105s] Level 1:colcon.colcon_core.package_discovery:discover_packages(recursive) check parameters
[0.105s] Level 1:colcon.colcon_core.package_discovery:discover_packages(ignore) check parameters
[0.105s] Level 1:colcon.colcon_core.package_discovery:discover_packages(path) check parameters
[0.105s] Level 1:colcon.colcon_core.package_discovery:discover_packages(colcon_meta) discover
[0.105s] Level 1:colcon.colcon_core.package_discovery:discover_packages(recursive) discover
[0.105s] INFO:colcon.colcon_core.package_discovery:Crawling recursively for packages in '/home/giuseppina-iannotti/Documents/GITHUB_PROJECTS/SimplePlanner'
[0.105s] Level 1:colcon.colcon_core.package_identification:_identify(.) by extensions ['ignore', 'ignore_ament_install']
[0.105s] Level 1:colcon.colcon_core.package_identification:_identify(.) by extension 'ignore'
[0.106s] Level 1:colcon.colcon_core.package_identification:_identify(.) by extension 'ignore_ament_install'
[0.106s] Level 1:colcon.colcon_core.package_identification:_identify(.) by extensions ['colcon_pkg']
[0.106s] Level 1:colcon.colcon_core.package_identification:_identify(.) by extension 'colcon_pkg'
[0.106s] Level 1:colcon.colcon_core.package_identification:_identify(.) by extensions ['colcon_meta']
[0.106s] Level 1:colcon.colcon_core.package_identification:_identify(.) by extension 'colcon_meta'
[0.106s] Level 1:colcon.colcon_core.package_identification:_identify(.) by extensions ['ros']
[0.106s] Level 1:colcon.colcon_core.package_identification:_identify(.) by extension 'ros'
[0.122s] DEBUG:colcon.colcon_core.package_identification:Package '.' with type 'ros.ament_cmake' and name 'simple_planner'
[0.122s] Level 1:colcon.colcon_core.package_discovery:discover_packages(recursive) using defaults
[0.122s] Level 1:colcon.colcon_core.package_discovery:discover_packages(ignore) discover
[0.122s] Level 1:colcon.colcon_core.package_discovery:discover_packages(ignore) using defaults
[0.122s] Level 1:colcon.colcon_core.package_discovery:discover_packages(path) discover
[0.122s] Level 1:colcon.colcon_core.package_discovery:discover_packages(path) using defaults
[0.133s] Level 1:colcon.colcon_core.package_discovery:discover_packages(prefix_path) check parameters
[0.133s] Level 1:colcon.colcon_core.package_discovery:discover_packages(prefix_path) discover
[0.134s] DEBUG:colcon.colcon_installed_package_information.package_discovery:Found 297 installed packages in /opt/ros/jazzy
[0.135s] Level 1:colcon.colcon_core.package_discovery:discover_packages(prefix_path) using defaults
[0.155s] Level 5:colcon.colcon_core.verb:set package 'simple_planner' build argument 'cmake_args' from command line to '['-DCMAKE_EXPORT_COMPILE_COMMANDS=ON']'
[0.155s] Level 5:colcon.colcon_core.verb:set package 'simple_planner' build argument 'cmake_target' from command line to 'None'
[0.156s] Level 5:colcon.colcon_core.verb:set package 'simple_planner' build argument 'cmake_target_skip_unavailable' from command line to 'False'
[0.156s] Level 5:colcon.colcon_core.verb:set package 'simple_planner' build argument 'cmake_clean_cache' from command line to 'False'
[0.156s] Level 5:colcon.colcon_core.verb:set package 'simple_planner' build argument 'cmake_clean_first' from command line to 'False'
[0.156s] Level 5:colcon.colcon_core.verb:set package 'simple_planner' build argument 'cmake_force_configure' from command line to 'False'
[0.156s] Level 5:colcon.colcon_core.verb:set package 'simple_planner' build argument 'ament_cmake_args' from command line to 'None'
[0.156s] Level 5:colcon.colcon_core.verb:set package 'simple_planner' build argument 'catkin_cmake_args' from command line to 'None'
[0.156s] Level 5:colcon.colcon_core.verb:set package 'simple_planner' build argument 'catkin_skip_building_tests' from command line to 'False'
[0.156s] DEBUG:colcon.colcon_core.verb:Building package 'simple_planner' with the following arguments: {'ament_cmake_args': None, 'build_base': '/home/giuseppina-iannotti/Documents/GITHUB_PROJECTS/SimplePlanner/build/simple_planner', 'catkin_cmake_args': None, 'catkin_skip_building_tests': False, 'cmake_args': ['-DCMAKE_EXPORT_COMPILE_COMMANDS=ON'], 'cmake_clean_cache': False, 'cmake_clean_first': False, 'cmake_force_configure': False, 'cmake_target': None, 'cmake_target_skip_unavailable': False, 'install_base': '/home/giuseppina-iannotti/Documents/GITHUB_PROJECTS/SimplePlanner/install/simple_planner', 'merge_install': False, 'path': '/home/giuseppina-iannotti/Documents/GITHUB_PROJECTS/SimplePlanner', 'symlink_install': False, 'test_result_base': None}
[0.156s] INFO:colcon.colcon_core.executor:Executing jobs using 'parallel' executor
[0.156s] DEBUG:colcon.colcon_parallel_executor.executor.parallel:run_until_complete
[0.157s] INFO:colcon.colcon_ros.task.ament_cmake.build:Building ROS package in '/home/giuseppina-iannotti/Documents/GITHUB_PROJECTS/SimplePlanner' with build type 'ament_cmake'
[0.157s] INFO:colcon.colcon_cmake.task.cmake.build:Building CMake package in '/home/giuseppina-iannotti/Documents/GITHUB_PROJECTS/SimplePlanner'
[0.158s] INFO:colcon.colcon_core.plugin_system:Skipping extension 'colcon_core.shell.bat': Not used on non-Windows systems
[0.158s] INFO:colcon.colcon_core.shell:Skip shell extension 'powershell' for command environment: Not usable outside of PowerShell
[0.158s] DEBUG:colcon.colcon_core.shell:Skip shell extension 'dsv' for command environment
[0.164s] DEBUG:colcon.colcon_core.event_handler.log_command:Invoking command in '/home/giuseppina-iannotti/Documents/GITHUB_PROJECTS/SimplePlanner/build/simple_planner': CMAKE_PREFIX_PATH=${CMAKE_PREFIX_PATH}:/opt/ros/jazzy DEBUGINFOD_URLS=https://debuginfod.ubuntu.com /usr/bin/cmake /home/giuseppina-iannotti/Documents/GITHUB_PROJECTS/SimplePlanner -DCMAKE_EXPORT_COMPILE_COMMANDS=ON -DCMAKE_INSTALL_PREFIX=/home/giuseppina-iannotti/Documents/GITHUB_PROJECTS/SimplePlanner/install/simple_planner
[1.827s] DEBUG:colcon.colcon_core.event_handler.log_command:Invoked command in '/home/giuseppina-iannotti/Documents/GITHUB_PROJECTS/SimplePlanner/build/simple_planner' returned '0': CMAKE_PREFIX_PATH=${CMAKE_PREFIX_PATH}:/opt/ros/jazzy DEBUGINFOD_URLS=https://debuginfod.ubuntu.com /usr/bin/cmake /home/giuseppina-iannotti/Documents/GITHUB_PROJECTS/SimplePlanner -DCMAKE_EXPORT_COMPILE_COMMANDS=ON -DCMAKE_INSTALL_PREFIX=/home/giuseppina-iannotti/Documents/GITHUB_PROJECTS/SimplePlanner/install/simple_planner
[1.831s] DEBUG:colcon.colcon_core.event_handler.log_command:Invoking command in '/home/giuseppina-iannotti/Documents/GITHUB_PROJECTS/SimplePlanner/build/simple_planner': CMAKE_PREFIX_PATH=${CMAKE_PREFIX_PATH}:/opt/ros/jazzy DEBUGINFOD_URLS=https://debuginfod.ubuntu.com /usr/bin/cmake --build /home/giuseppina-iannotti/Documents/GITHUB_PROJECTS/SimplePlanner/build/simple_planner -- -j12 -l12
[1.977s] DEBUG:colcon.colcon_core.event_handler.log_command:Invoked command in '/home/giuseppina-iannotti/Documents/GITHUB_PROJECTS/SimplePlanner/build/simple_planner' returned '0': CMAKE_PREFIX_PATH=${CMAKE_PREFIX_PATH}:/opt/ros/jazzy DEBUGINFOD_URLS=https://debuginfod.ubuntu.com /usr/bin/cmake --build /home/giuseppina-iannotti/Documents/GITHUB_PROJECTS/SimplePlanner/build/simple_planner -- -j12 -l12
[1.998s] DEBUG:colcon.colcon_core.event_handler.log_command:Invoking command in '/home/giuseppina-iannotti/Documents/GITHUB_PROJECTS/SimplePlanner/build/simple_planner': CMAKE_PREFIX_PATH=${CMAKE_PREFIX_PATH}:/opt/ros/jazzy DEBUGINFOD_URLS=https://debuginfod.ubuntu.com /usr/bin/cmake --install /home/giuseppina-iannotti/Documents/GITHUB_PROJECTS/SimplePlanner/build/simple_planner
[2.018s] Level 1:colcon.colcon_core.environment:create_environment_scripts_only(simple_planner)
[2.019s] DEBUG:colcon.colcon_core.event_handler.log_command:Invoked command in '/home/giuseppina-iannotti/Documents/GITHUB_PROJECTS/SimplePlanner/build/simple_planner' returned '0': CMAKE_PREFIX_PATH=${CMAKE_PREFIX_PATH}:/opt/ros/jazzy DEBUGINFOD_URLS=https://debuginfod.ubuntu.com /usr/bin/cmake --install /home/giuseppina-iannotti/Documents/GITHUB_PROJECTS/SimplePlanner/build/simple_planner
[2.023s] Level 1:colcon.colcon_core.environment:checking '/home/giuseppina-iannotti/Documents/GITHUB_PROJECTS/SimplePlanner/install/simple_planner' for CMake module files
[2.025s] Level 1:colcon.colcon_core.environment:checking '/home/giuseppina-iannotti/Documents/GITHUB_PROJECTS/SimplePlanner/install/simple_planner' for CMake config files
[2.025s] Level 1:colcon.colcon_core.shell:create_environment_hook('simple_planner', 'cmake_prefix_path')
[2.026s] INFO:colcon.colcon_core.shell:Creating environment hook '/home/giuseppina-iannotti/Documents/GITHUB_PROJECTS/SimplePlanner/install/simple_planner/share/simple_planner/hook/cmake_prefix_path.ps1'
[2.027s] INFO:colcon.colcon_core.shell:Creating environment descriptor '/home/giuseppina-iannotti/Documents/GITHUB_PROJECTS/SimplePlanner/install/simple_planner/share/simple_planner/hook/cmake_prefix_path.dsv'
[2.029s] INFO:colcon.colcon_core.shell:Creating environment hook '/home/giuseppina-iannotti/Documents/GITHUB_PROJECTS/SimplePlanner/install/simple_planner/share/simple_planner/hook/cmake_prefix_path.sh'
[2.031s] Level 1:colcon.colcon_core.environment:checking '/home/giuseppina-iannotti/Documents/GITHUB_PROJECTS/SimplePlanner/install/simple_planner/lib'
[2.031s] Level 1:colcon.colcon_core.environment:checking '/home/giuseppina-iannotti/Documents/GITHUB_PROJECTS/SimplePlanner/install/simple_planner/bin'
[2.031s] Level 1:colcon.colcon_core.environment:checking '/home/giuseppina-iannotti/Documents/GITHUB_PROJECTS/SimplePlanner/install/simple_planner/lib/pkgconfig/simple_planner.pc'
[2.032s] Level 1:colcon.colcon_core.environment:checking '/home/giuseppina-iannotti/Documents/GITHUB_PROJECTS/SimplePlanner/install/simple_planner/lib/python3.12/site-packages'
[2.032s] Level 1:colcon.colcon_core.environment:checking '/home/giuseppina-iannotti/Documents/GITHUB_PROJECTS/SimplePlanner/install/simple_planner/bin'
[2.033s] INFO:colcon.colcon_core.shell:Creating package script '/home/giuseppina-iannotti/Documents/GITHUB_PROJECTS/SimplePlanner/install/simple_planner/share/simple_planner/package.ps1'
[2.035s] INFO:colcon.colcon_core.shell:Creating package descriptor '/home/giuseppina-iannotti/Documents/GITHUB_PROJECTS/SimplePlanner/install/simple_planner/share/simple_planner/package.dsv'
[2.036s] INFO:colcon.colcon_core.shell:Creating package script '/home/giuseppina-iannotti/Documents/GITHUB_PROJECTS/SimplePlanner/install/simple_planner/share/simple_planner/package.sh'
[2.037s] INFO:colcon.colcon_core.shell:Creating package script '/home/giuseppina-iannotti/Documents/GITHUB_PROJECTS/SimplePlanner/install/simple_planner/share/simple_planner/package.bash'
[2.039s] INFO:colcon.colcon_core.shell:Creating package script '/home/giuseppina-iannotti/Documents/GITHUB_PROJECTS/SimplePlanner/install/simple_planner/share/simple_planner/package.zsh'
[2.040s] Level 1:colcon.colcon_core.environment:create_file_with_runtime_dependencies(/home/giuseppina-iannotti/Documents/GITHUB_PROJECTS/SimplePlanner/install/simple_planner/share/colcon-core/packages/simple_planner)
[2.042s] Level 1:colcon.colcon_core.environment:create_environment_scripts_only(simple_planner)
[2.042s] Level 1:colcon.colcon_core.environment:checking '/home/giuseppina-iannotti/Documents/GITHUB_PROJECTS/SimplePlanner/install/simple_planner' for CMake module files
[2.043s] Level 1:colcon.colcon_core.environment:checking '/home/giuseppina-iannotti/Documents/GITHUB_PROJECTS/SimplePlanner/install/simple_planner' for CMake config files
[2.044s] Level 1:colcon.colcon_core.shell:create_environment_hook('simple_planner', 'cmake_prefix_path')
[2.044s] INFO:colcon.colcon_core.shell:Creating environment hook '/home/giuseppina-iannotti/Documents/GITHUB_PROJECTS/SimplePlanner/install/simple_planner/share/simple_planner/hook/cmake_prefix_path.ps1'
[2.046s] INFO:colcon.colcon_core.shell:Creating environment descriptor '/home/giuseppina-iannotti/Documents/GITHUB_PROJECTS/SimplePlanner/install/simple_planner/share/simple_planner/hook/cmake_prefix_path.dsv'
[2.047s] INFO:colcon.colcon_core.shell:Creating environment hook '/home/giuseppina-iannotti/Documents/GITHUB_PROJECTS/SimplePlanner/install/simple_planner/share/simple_planner/hook/cmake_prefix_path.sh'
[2.048s] Level 1:colcon.colcon_core.environment:checking '/home/giuseppina-iannotti/Documents/GITHUB_PROJECTS/SimplePlanner/install/simple_planner/lib'
[2.048s] Level 1:colcon.colcon_core.environment:checking '/home/giuseppina-iannotti/Documents/GITHUB_PROJECTS/SimplePlanner/install/simple_planner/bin'
[2.049s] Level 1:colcon.colcon_core.environment:checking '/home/giuseppina-iannotti/Documents/GITHUB_PROJECTS/SimplePlanner/install/simple_planner/lib/pkgconfig/simple_planner.pc'
[2.049s] Level 1:colcon.colcon_core.environment:checking '/home/giuseppina-iannotti/Documents/GITHUB_PROJECTS/SimplePlanner/install/simple_planner/lib/python3.12/site-packages'
[2.050s] Level 1:colcon.colcon_core.environment:checking '/home/giuseppina-iannotti/Documents/GITHUB_PROJECTS/SimplePlanner/install/simple_planner/bin'
[2.050s] INFO:colcon.colcon_core.shell:Creating package script '/home/giuseppina-iannotti/Documents/GITHUB_PROJECTS/SimplePlanner/install/simple_planner/share/simple_planner/package.ps1'
[2.052s] INFO:colcon.colcon_core.shell:Creating package descriptor '/home/giuseppina-iannotti/Documents/GITHUB_PROJECTS/SimplePlanner/install/simple_planner/share/simple_planner/package.dsv'
[2.053s] INFO:colcon.colcon_core.shell:Creating package script '/home/giuseppina-iannotti/Documents/GITHUB_PROJECTS/SimplePlanner/install/simple_planner/share/simple_planner/package.sh'
[2.054s] INFO:colcon.colcon_core.shell:Creating package script '/home/giuseppina-iannotti/Documents/GITHUB_PROJECTS/SimplePlanner/install/simple_planner/share/simple_planner/package.bash'
[2.055s] INFO:colcon.colcon_core.shell:Creating package script '/home/giuseppina-iannotti/Documents/GITHUB_PROJECTS/SimplePlanner/install/simple_planner/share/simple_planner/package.zsh'
[2.056s] Level 1:colcon.colcon_core.environment:create_file_with_runtime_dependencies(/home/giuseppina-iannotti/Documents/GITHUB_PROJECTS/SimplePlanner/install/simple_planner/share/colcon-core/packages/simple_planner)
[2.057s] DEBUG:colcon.colcon_parallel_executor.executor.parallel:closing loop
[2.058s] DEBUG:colcon.colcon_parallel_executor.executor.parallel:loop closed
[2.059s] DEBUG:colcon.colcon_parallel_executor.executor.parallel:run_until_complete finished with '0'
[2.059s] DEBUG:colcon.colcon_core.event_reactor:joining thread
[2.073s] INFO:colcon.colcon_core.plugin_system:Skipping extension 'colcon_notification.desktop_notification.terminal_notifier': Not used on non-Darwin systems
[2.073s] INFO:colcon.colcon_core.plugin_system:Skipping extension 'colcon_notification.desktop_notification.win32': Not used on non-Windows systems
[2.073s] INFO:colcon.colcon_notification.desktop_notification:Sending desktop notification using 'notify2'
[2.115s] DEBUG:colcon.colcon_core.event_reactor:joined thread
[2.116s] INFO:colcon.colcon_core.shell:Creating prefix script '/home/giuseppina-iannotti/Documents/GITHUB_PROJECTS/SimplePlanner/install/local_setup.ps1'
[2.118s] INFO:colcon.colcon_core.shell:Creating prefix util module '/home/giuseppina-iannotti/Documents/GITHUB_PROJECTS/SimplePlanner/install/_local_setup_util_ps1.py'
[2.121s] INFO:colcon.colcon_core.shell:Creating prefix chain script '/home/giuseppina-iannotti/Documents/GITHUB_PROJECTS/SimplePlanner/install/setup.ps1'
[2.123s] INFO:colcon.colcon_core.shell:Creating prefix script '/home/giuseppina-iannotti/Documents/GITHUB_PROJECTS/SimplePlanner/install/local_setup.sh'
[2.125s] INFO:colcon.colcon_core.shell:Creating prefix util module '/home/giuseppina-iannotti/Documents/GITHUB_PROJECTS/SimplePlanner/install/_local_setup_util_sh.py'
[2.126s] INFO:colcon.colcon_core.shell:Creating prefix chain script '/home/giuseppina-iannotti/Documents/GITHUB_PROJECTS/SimplePlanner/install/setup.sh'
[2.128s] INFO:colcon.colcon_core.shell:Creating prefix script '/home/giuseppina-iannotti/Documents/GITHUB_PROJECTS/SimplePlanner/install/local_setup.bash'
[2.129s] INFO:colcon.colcon_core.shell:Creating prefix chain script '/home/giuseppina-iannotti/Documents/GITHUB_PROJECTS/SimplePlanner/install/setup.bash'
[2.130s] INFO:colcon.colcon_core.shell:Creating prefix script '/home/giuseppina-iannotti/Documents/GITHUB_PROJECTS/SimplePlanner/install/local_setup.zsh'
[2.131s] INFO:colcon.colcon_core.shell:Creating prefix chain script '/home/giuseppina-iannotti/Documents/GITHUB_PROJECTS/SimplePlanner/install/setup.zsh'
