[0.098s] DEBUG:colcon:Command line arguments: ['/usr/bin/colcon', 'build', '--packages-select', 'simple_planner']
[0.098s] DEBUG:colcon:Parsed command line arguments: Namespace(log_base=None, log_level=None, verb_name='build', build_base='build', install_base='install', merge_install=False, symlink_install=False, test_result_base=None, continue_on_error=False, executor='parallel', parallel_workers=12, event_handlers=None, ignore_user_meta=False, metas=['./colcon.meta'], base_paths=['.'], packages_ignore=None, packages_ignore_regex=None, paths=None, packages_up_to=None, packages_up_to_regex=None, packages_above=None, packages_above_and_dependencies=None, packages_above_depth=None, packages_select_by_dep=None, packages_skip_by_dep=None, packages_skip_up_to=None, packages_select_build_failed=False, packages_skip_build_finished=False, packages_select_test_failures=False, packages_skip_test_passed=False, packages_select=['simple_planner'], packages_skip=None, packages_select_regex=None, packages_skip_regex=None, packages_start=None, packages_end=None, allow_overriding=[], cmake_args=None, cmake_target=None, cmake_target_skip_unavailable=False, cmake_clean_cache=False, cmake_clean_first=False, cmake_force_configure=False, ament_cmake_args=None, catkin_cmake_args=None, catkin_skip_building_tests=False, mixin_files=None, mixin=None, verb_parser=<colcon_mixin.mixin.mixin_argument.MixinArgumentDecorator object at 0x768002f8d2b0>, verb_extension=<colcon_core.verb.build.BuildVerb object at 0x768002f8cc50>, main=<bound method BuildVerb.main of <colcon_core.verb.build.BuildVerb object at 0x768002f8cc50>>, mixin_verb=('build',))
[0.120s] Level 1:colcon.colcon_core.package_discovery:discover_packages(colcon_meta) check parameters
[0.120s] Level 1:colcon.colcon_core.package_discovery:discover_packages(recursive) check parameters
[0.120s] Level 1:colcon.colcon_core.package_discovery:discover_packages(ignore) check parameters
[0.120s] Level 1:colcon.colcon_core.package_discovery:discover_packages(path) check parameters
[0.120s] Level 1:colcon.colcon_core.package_discovery:discover_packages(colcon_meta) discover
[0.120s] Level 1:colcon.colcon_core.package_discovery:discover_packages(recursive) discover
[0.120s] INFO:colcon.colcon_core.package_discovery:Crawling recursively for packages in '/home/giuseppina-iannotti/Documents/GITHUB_PROJECTS/SimplePlanner'
[0.120s] Level 1:colcon.colcon_core.package_identification:_identify(.) by extensions ['ignore', 'ignore_ament_install']
[0.120s] Level 1:colcon.colcon_core.package_identification:_identify(.) by extension 'ignore'
[0.120s] Level 1:colcon.colcon_core.package_identification:_identify(.) by extension 'ignore_ament_install'
[0.120s] Level 1:colcon.colcon_core.package_identification:_identify(.) by extensions ['colcon_pkg']
[0.120s] Level 1:colcon.colcon_core.package_identification:_identify(.) by extension 'colcon_pkg'
[0.120s] Level 1:colcon.colcon_core.package_identification:_identify(.) by extensions ['colcon_meta']
[0.120s] Level 1:colcon.colcon_core.package_identification:_identify(.) by extension 'colcon_meta'
[0.120s] Level 1:colcon.colcon_core.package_identification:_identify(.) by extensions ['ros']
[0.120s] Level 1:colcon.colcon_core.package_identification:_identify(.) by extension 'ros'
[0.138s] DEBUG:colcon.colcon_core.package_identification:Package '.' with type 'ros.ament_cmake' and name 'simple_planner'
[0.138s] Level 1:colcon.colcon_core.package_discovery:discover_packages(recursive) using defaults
[0.138s] Level 1:colcon.colcon_core.package_discovery:discover_packages(ignore) discover
[0.138s] Level 1:colcon.colcon_core.package_discovery:discover_packages(ignore) using defaults
[0.138s] Level 1:colcon.colcon_core.package_discovery:discover_packages(path) discover
[0.138s] Level 1:colcon.colcon_core.package_discovery:discover_packages(path) using defaults
[0.149s] Level 1:colcon.colcon_core.package_discovery:discover_packages(prefix_path) check parameters
[0.149s] Level 1:colcon.colcon_core.package_discovery:discover_packages(prefix_path) discover
[0.149s] DEBUG:colcon.colcon_installed_package_information.package_discovery:Found 1 installed packages in /home/giuseppina-iannotti/Documents/GITHUB_PROJECTS/SimplePlanner/install
[0.150s] DEBUG:colcon.colcon_installed_package_information.package_discovery:Found 293 installed packages in /opt/ros/jazzy
[0.151s] Level 1:colcon.colcon_core.package_discovery:discover_packages(prefix_path) using defaults
[0.171s] Level 5:colcon.colcon_core.verb:set package 'simple_planner' build argument 'cmake_args' from command line to 'None'
[0.171s] Level 5:colcon.colcon_core.verb:set package 'simple_planner' build argument 'cmake_target' from command line to 'None'
[0.171s] Level 5:colcon.colcon_core.verb:set package 'simple_planner' build argument 'cmake_target_skip_unavailable' from command line to 'False'
[0.171s] Level 5:colcon.colcon_core.verb:set package 'simple_planner' build argument 'cmake_clean_cache' from command line to 'False'
[0.171s] Level 5:colcon.colcon_core.verb:set package 'simple_planner' build argument 'cmake_clean_first' from command line to 'False'
[0.171s] Level 5:colcon.colcon_core.verb:set package 'simple_planner' build argument 'cmake_force_configure' from command line to 'False'
[0.171s] Level 5:colcon.colcon_core.verb:set package 'simple_planner' build argument 'ament_cmake_args' from command line to 'None'
[0.171s] Level 5:colcon.colcon_core.verb:set package 'simple_planner' build argument 'catkin_cmake_args' from command line to 'None'
[0.171s] Level 5:colcon.colcon_core.verb:set package 'simple_planner' build argument 'catkin_skip_building_tests' from command line to 'False'
[0.171s] DEBUG:colcon.colcon_core.verb:Building package 'simple_planner' with the following arguments: {'ament_cmake_args': None, 'build_base': '/home/giuseppina-iannotti/Documents/GITHUB_PROJECTS/SimplePlanner/build/simple_planner', 'catkin_cmake_args': None, 'catkin_skip_building_tests': False, 'cmake_args': None, 'cmake_clean_cache': False, 'cmake_clean_first': False, 'cmake_force_configure': False, 'cmake_target': None, 'cmake_target_skip_unavailable': False, 'install_base': '/home/giuseppina-iannotti/Documents/GITHUB_PROJECTS/SimplePlanner/install/simple_planner', 'merge_install': False, 'path': '/home/giuseppina-iannotti/Documents/GITHUB_PROJECTS/SimplePlanner', 'symlink_install': False, 'test_result_base': None}
[0.171s] INFO:colcon.colcon_core.executor:Executing jobs using 'parallel' executor
[0.172s] DEBUG:colcon.colcon_parallel_executor.executor.parallel:run_until_complete
[0.172s] INFO:colcon.colcon_ros.task.ament_cmake.build:Building ROS package in '/home/giuseppina-iannotti/Documents/GITHUB_PROJECTS/SimplePlanner' with build type 'ament_cmake'
[0.172s] INFO:colcon.colcon_cmake.task.cmake.build:Building CMake package in '/home/giuseppina-iannotti/Documents/GITHUB_PROJECTS/SimplePlanner'
[0.174s] INFO:colcon.colcon_core.plugin_system:Skipping extension 'colcon_core.shell.bat': Not used on non-Windows systems
[0.174s] INFO:colcon.colcon_core.shell:Skip shell extension 'powershell' for command environment: Not usable outside of PowerShell
[0.174s] DEBUG:colcon.colcon_core.shell:Skip shell extension 'dsv' for command environment
[0.182s] DEBUG:colcon.colcon_core.event_handler.log_command:Invoking command in '/home/giuseppina-iannotti/Documents/GITHUB_PROJECTS/SimplePlanner/build/simple_planner': CMAKE_PREFIX_PATH=${CMAKE_PREFIX_PATH}:/opt/ros/jazzy DEBUGINFOD_URLS=https://debuginfod.ubuntu.com /usr/bin/cmake --build /home/giuseppina-iannotti/Documents/GITHUB_PROJECTS/SimplePlanner/build/simple_planner -- -j12 -l12
[11.189s] DEBUG:colcon.colcon_core.event_handler.log_command:Invoked command in '/home/giuseppina-iannotti/Documents/GITHUB_PROJECTS/SimplePlanner/build/simple_planner' returned '0': CMAKE_PREFIX_PATH=${CMAKE_PREFIX_PATH}:/opt/ros/jazzy DEBUGINFOD_URLS=https://debuginfod.ubuntu.com /usr/bin/cmake --build /home/giuseppina-iannotti/Documents/GITHUB_PROJECTS/SimplePlanner/build/simple_planner -- -j12 -l12
[11.214s] DEBUG:colcon.colcon_core.event_handler.log_command:Invoking command in '/home/giuseppina-iannotti/Documents/GITHUB_PROJECTS/SimplePlanner/build/simple_planner': CMAKE_PREFIX_PATH=${CMAKE_PREFIX_PATH}:/opt/ros/jazzy DEBUGINFOD_URLS=https://debuginfod.ubuntu.com /usr/bin/cmake --install /home/giuseppina-iannotti/Documents/GITHUB_PROJECTS/SimplePlanner/build/simple_planner
[11.267s] Level 1:colcon.colcon_core.environment:create_environment_scripts_only(simple_planner)
[11.269s] DEBUG:colcon.colcon_core.event_handler.log_command:Invoked command in '/home/giuseppina-iannotti/Documents/GITHUB_PROJECTS/SimplePlanner/build/simple_planner' returned '0': CMAKE_PREFIX_PATH=${CMAKE_PREFIX_PATH}:/opt/ros/jazzy DEBUGINFOD_URLS=https://debuginfod.ubuntu.com /usr/bin/cmake --install /home/giuseppina-iannotti/Documents/GITHUB_PROJECTS/SimplePlanner/build/simple_planner
[11.276s] Level 1:colcon.colcon_core.environment:checking '/home/giuseppina-iannotti/Documents/GITHUB_PROJECTS/SimplePlanner/install/simple_planner' for CMake module files
[11.278s] Level 1:colcon.colcon_core.environment:checking '/home/giuseppina-iannotti/Documents/GITHUB_PROJECTS/SimplePlanner/install/simple_planner' for CMake config files
[11.279s] Level 1:colcon.colcon_core.shell:create_environment_hook('simple_planner', 'cmake_prefix_path')
[11.279s] INFO:colcon.colcon_core.shell:Creating environment hook '/home/giuseppina-iannotti/Documents/GITHUB_PROJECTS/SimplePlanner/install/simple_planner/share/simple_planner/hook/cmake_prefix_path.ps1'
[11.281s] INFO:colcon.colcon_core.shell:Creating environment descriptor '/home/giuseppina-iannotti/Documents/GITHUB_PROJECTS/SimplePlanner/install/simple_planner/share/simple_planner/hook/cmake_prefix_path.dsv'
[11.283s] INFO:colcon.colcon_core.shell:Creating environment hook '/home/giuseppina-iannotti/Documents/GITHUB_PROJECTS/SimplePlanner/install/simple_planner/share/simple_planner/hook/cmake_prefix_path.sh'
[11.286s] Level 1:colcon.colcon_core.environment:checking '/home/giuseppina-iannotti/Documents/GITHUB_PROJECTS/SimplePlanner/install/simple_planner/lib'
[11.287s] Level 1:colcon.colcon_core.environment:checking '/home/giuseppina-iannotti/Documents/GITHUB_PROJECTS/SimplePlanner/install/simple_planner/bin'
[11.287s] Level 1:colcon.colcon_core.environment:checking '/home/giuseppina-iannotti/Documents/GITHUB_PROJECTS/SimplePlanner/install/simple_planner/lib/pkgconfig/simple_planner.pc'
[11.288s] Level 1:colcon.colcon_core.environment:checking '/home/giuseppina-iannotti/Documents/GITHUB_PROJECTS/SimplePlanner/install/simple_planner/lib/python3.12/site-packages'
[11.289s] Level 1:colcon.colcon_core.environment:checking '/home/giuseppina-iannotti/Documents/GITHUB_PROJECTS/SimplePlanner/install/simple_planner/bin'
[11.290s] INFO:colcon.colcon_core.shell:Creating package script '/home/giuseppina-iannotti/Documents/GITHUB_PROJECTS/SimplePlanner/install/simple_planner/share/simple_planner/package.ps1'
[11.293s] INFO:colcon.colcon_core.shell:Creating package descriptor '/home/giuseppina-iannotti/Documents/GITHUB_PROJECTS/SimplePlanner/install/simple_planner/share/simple_planner/package.dsv'
[11.294s] INFO:colcon.colcon_core.shell:Creating package script '/home/giuseppina-iannotti/Documents/GITHUB_PROJECTS/SimplePlanner/install/simple_planner/share/simple_planner/package.sh'
[11.295s] INFO:colcon.colcon_core.shell:Creating package script '/home/giuseppina-iannotti/Documents/GITHUB_PROJECTS/SimplePlanner/install/simple_planner/share/simple_planner/package.bash'
[11.296s] INFO:colcon.colcon_core.shell:Creating package script '/home/giuseppina-iannotti/Documents/GITHUB_PROJECTS/SimplePlanner/install/simple_planner/share/simple_planner/package.zsh'
[11.297s] Level 1:colcon.colcon_core.environment:create_file_with_runtime_dependencies(/home/giuseppina-iannotti/Documents/GITHUB_PROJECTS/SimplePlanner/install/simple_planner/share/colcon-core/packages/simple_planner)
[11.298s] Level 1:colcon.colcon_core.environment:create_environment_scripts_only(simple_planner)
[11.299s] Level 1:colcon.colcon_core.environment:checking '/home/giuseppina-iannotti/Documents/GITHUB_PROJECTS/SimplePlanner/install/simple_planner' for CMake module files
[11.300s] Level 1:colcon.colcon_core.environment:checking '/home/giuseppina-iannotti/Documents/GITHUB_PROJECTS/SimplePlanner/install/simple_planner' for CMake config files
[11.301s] Level 1:colcon.colcon_core.shell:create_environment_hook('simple_planner', 'cmake_prefix_path')
[11.301s] INFO:colcon.colcon_core.shell:Creating environment hook '/home/giuseppina-iannotti/Documents/GITHUB_PROJECTS/SimplePlanner/install/simple_planner/share/simple_planner/hook/cmake_prefix_path.ps1'
[11.302s] INFO:colcon.colcon_core.shell:Creating environment descriptor '/home/giuseppina-iannotti/Documents/GITHUB_PROJECTS/SimplePlanner/install/simple_planner/share/simple_planner/hook/cmake_prefix_path.dsv'
[11.303s] INFO:colcon.colcon_core.shell:Creating environment hook '/home/giuseppina-iannotti/Documents/GITHUB_PROJECTS/SimplePlanner/install/simple_planner/share/simple_planner/hook/cmake_prefix_path.sh'
[11.305s] Level 1:colcon.colcon_core.environment:checking '/home/giuseppina-iannotti/Documents/GITHUB_PROJECTS/SimplePlanner/install/simple_planner/lib'
[11.305s] Level 1:colcon.colcon_core.environment:checking '/home/giuseppina-iannotti/Documents/GITHUB_PROJECTS/SimplePlanner/install/simple_planner/bin'
[11.305s] Level 1:colcon.colcon_core.environment:checking '/home/giuseppina-iannotti/Documents/GITHUB_PROJECTS/SimplePlanner/install/simple_planner/lib/pkgconfig/simple_planner.pc'
[11.306s] Level 1:colcon.colcon_core.environment:checking '/home/giuseppina-iannotti/Documents/GITHUB_PROJECTS/SimplePlanner/install/simple_planner/lib/python3.12/site-packages'
[11.306s] Level 1:colcon.colcon_core.environment:checking '/home/giuseppina-iannotti/Documents/GITHUB_PROJECTS/SimplePlanner/install/simple_planner/bin'
[11.307s] INFO:colcon.colcon_core.shell:Creating package script '/home/giuseppina-iannotti/Documents/GITHUB_PROJECTS/SimplePlanner/install/simple_planner/share/simple_planner/package.ps1'
[11.308s] INFO:colcon.colcon_core.shell:Creating package descriptor '/home/giuseppina-iannotti/Documents/GITHUB_PROJECTS/SimplePlanner/install/simple_planner/share/simple_planner/package.dsv'
[11.310s] INFO:colcon.colcon_core.shell:Creating package script '/home/giuseppina-iannotti/Documents/GITHUB_PROJECTS/SimplePlanner/install/simple_planner/share/simple_planner/package.sh'
[11.310s] INFO:colcon.colcon_core.shell:Creating package script '/home/giuseppina-iannotti/Documents/GITHUB_PROJECTS/SimplePlanner/install/simple_planner/share/simple_planner/package.bash'
[11.311s] INFO:colcon.colcon_core.shell:Creating package script '/home/giuseppina-iannotti/Documents/GITHUB_PROJECTS/SimplePlanner/install/simple_planner/share/simple_planner/package.zsh'
[11.312s] Level 1:colcon.colcon_core.environment:create_file_with_runtime_dependencies(/home/giuseppina-iannotti/Documents/GITHUB_PROJECTS/SimplePlanner/install/simple_planner/share/colcon-core/packages/simple_planner)
[11.312s] DEBUG:colcon.colcon_parallel_executor.executor.parallel:closing loop
[11.312s] DEBUG:colcon.colcon_parallel_executor.executor.parallel:loop closed
[11.313s] DEBUG:colcon.colcon_parallel_executor.executor.parallel:run_until_complete finished with '0'
[11.313s] DEBUG:colcon.colcon_core.event_reactor:joining thread
[11.330s] INFO:colcon.colcon_core.plugin_system:Skipping extension 'colcon_notification.desktop_notification.terminal_notifier': Not used on non-Darwin systems
[11.330s] INFO:colcon.colcon_core.plugin_system:Skipping extension 'colcon_notification.desktop_notification.win32': Not used on non-Windows systems
[11.331s] INFO:colcon.colcon_notification.desktop_notification:Sending desktop notification using 'notify2'
[11.364s] DEBUG:colcon.colcon_core.event_reactor:joined thread
[11.365s] INFO:colcon.colcon_core.shell:Creating prefix script '/home/giuseppina-iannotti/Documents/GITHUB_PROJECTS/SimplePlanner/install/local_setup.ps1'
[11.366s] INFO:colcon.colcon_core.shell:Creating prefix util module '/home/giuseppina-iannotti/Documents/GITHUB_PROJECTS/SimplePlanner/install/_local_setup_util_ps1.py'
[11.368s] INFO:colcon.colcon_core.shell:Creating prefix chain script '/home/giuseppina-iannotti/Documents/GITHUB_PROJECTS/SimplePlanner/install/setup.ps1'
[11.371s] INFO:colcon.colcon_core.shell:Creating prefix script '/home/giuseppina-iannotti/Documents/GITHUB_PROJECTS/SimplePlanner/install/local_setup.sh'
[11.372s] INFO:colcon.colcon_core.shell:Creating prefix util module '/home/giuseppina-iannotti/Documents/GITHUB_PROJECTS/SimplePlanner/install/_local_setup_util_sh.py'
[11.373s] INFO:colcon.colcon_core.shell:Creating prefix chain script '/home/giuseppina-iannotti/Documents/GITHUB_PROJECTS/SimplePlanner/install/setup.sh'
[11.374s] INFO:colcon.colcon_core.shell:Creating prefix script '/home/giuseppina-iannotti/Documents/GITHUB_PROJECTS/SimplePlanner/install/local_setup.bash'
[11.375s] INFO:colcon.colcon_core.shell:Creating prefix chain script '/home/giuseppina-iannotti/Documents/GITHUB_PROJECTS/SimplePlanner/install/setup.bash'
[11.376s] INFO:colcon.colcon_core.shell:Creating prefix script '/home/giuseppina-iannotti/Documents/GITHUB_PROJECTS/SimplePlanner/install/local_setup.zsh'
[11.377s] INFO:colcon.colcon_core.shell:Creating prefix chain script '/home/giuseppina-iannotti/Documents/GITHUB_PROJECTS/SimplePlanner/install/setup.zsh'
