[0.084s] DEBUG:colcon:Command line arguments: ['/usr/bin/colcon', 'build', '--packages-select', 'simple_planner']
[0.084s] DEBUG:colcon:Parsed command line arguments: Namespace(log_base=None, log_level=None, verb_name='build', build_base='build', install_base='install', merge_install=False, symlink_install=False, test_result_base=None, continue_on_error=False, executor='parallel', parallel_workers=12, event_handlers=None, ignore_user_meta=False, metas=['./colcon.meta'], base_paths=['.'], packages_ignore=None, packages_ignore_regex=None, paths=None, packages_up_to=None, packages_up_to_regex=None, packages_above=None, packages_above_and_dependencies=None, packages_above_depth=None, packages_select_by_dep=None, packages_skip_by_dep=None, packages_skip_up_to=None, packages_select_build_failed=False, packages_skip_build_finished=False, packages_select_test_failures=False, packages_skip_test_passed=False, packages_select=['simple_planner'], packages_skip=None, packages_select_regex=None, packages_skip_regex=None, packages_start=None, packages_end=None, allow_overriding=[], cmake_args=None, cmake_target=None, cmake_target_skip_unavailable=False, cmake_clean_cache=False, cmake_clean_first=False, cmake_force_configure=False, ament_cmake_args=None, catkin_cmake_args=None, catkin_skip_building_tests=False, mixin_files=None, mixin=None, verb_parser=<colcon_mixin.mixin.mixin_argument.MixinArgumentDecorator object at 0x74e6dc5a13a0>, verb_extension=<colcon_core.verb.build.BuildVerb object at 0x74e6dc5a0cb0>, main=<bound method BuildVerb.main of <colcon_core.verb.build.BuildVerb object at 0x74e6dc5a0cb0>>, mixin_verb=('build',))
[0.127s] Level 1:colcon.colcon_core.package_discovery:discover_packages(colcon_meta) check parameters
[0.127s] Level 1:colcon.colcon_core.package_discovery:discover_packages(recursive) check parameters
[0.127s] Level 1:colcon.colcon_core.package_discovery:discover_packages(ignore) check parameters
[0.128s] Level 1:colcon.colcon_core.package_discovery:discover_packages(path) check parameters
[0.128s] Level 1:colcon.colcon_core.package_discovery:discover_packages(colcon_meta) discover
[0.128s] Level 1:colcon.colcon_core.package_discovery:discover_packages(recursive) discover
[0.128s] INFO:colcon.colcon_core.package_discovery:Crawling recursively for packages in '/home/giuseppina-iannotti/Documents/GITHUB_PROJECTS/SimplePlanner'
[0.128s] Level 1:colcon.colcon_core.package_identification:_identify(.) by extensions ['ignore', 'ignore_ament_install']
[0.128s] Level 1:colcon.colcon_core.package_identification:_identify(.) by extension 'ignore'
[0.128s] Level 1:colcon.colcon_core.package_identification:_identify(.) by extension 'ignore_ament_install'
[0.128s] Level 1:colcon.colcon_core.package_identification:_identify(.) by extensions ['colcon_pkg']
[0.128s] Level 1:colcon.colcon_core.package_identification:_identify(.) by extension 'colcon_pkg'
[0.128s] Level 1:colcon.colcon_core.package_identification:_identify(.) by extensions ['colcon_meta']
[0.128s] Level 1:colcon.colcon_core.package_identification:_identify(.) by extension 'colcon_meta'
[0.128s] Level 1:colcon.colcon_core.package_identification:_identify(.) by extensions ['ros']
[0.128s] Level 1:colcon.colcon_core.package_identification:_identify(.) by extension 'ros'
[0.147s] DEBUG:colcon.colcon_core.package_identification:Package '.' with type 'ros.ament_cmake' and name 'simple_planner'
[0.148s] Level 1:colcon.colcon_core.package_discovery:discover_packages(recursive) using defaults
[0.148s] Level 1:colcon.colcon_core.package_discovery:discover_packages(ignore) discover
[0.148s] Level 1:colcon.colcon_core.package_discovery:discover_packages(ignore) using defaults
[0.148s] Level 1:colcon.colcon_core.package_discovery:discover_packages(path) discover
[0.148s] Level 1:colcon.colcon_core.package_discovery:discover_packages(path) using defaults
[0.158s] Level 1:colcon.colcon_core.package_discovery:discover_packages(prefix_path) check parameters
[0.158s] Level 1:colcon.colcon_core.package_discovery:discover_packages(prefix_path) discover
[0.160s] DEBUG:colcon.colcon_installed_package_information.package_discovery:Found 293 installed packages in /opt/ros/jazzy
[0.161s] Level 1:colcon.colcon_core.package_discovery:discover_packages(prefix_path) using defaults
[0.181s] Level 5:colcon.colcon_core.verb:set package 'simple_planner' build argument 'cmake_args' from command line to 'None'
[0.181s] Level 5:colcon.colcon_core.verb:set package 'simple_planner' build argument 'cmake_target' from command line to 'None'
[0.181s] Level 5:colcon.colcon_core.verb:set package 'simple_planner' build argument 'cmake_target_skip_unavailable' from command line to 'False'
[0.181s] Level 5:colcon.colcon_core.verb:set package 'simple_planner' build argument 'cmake_clean_cache' from command line to 'False'
[0.181s] Level 5:colcon.colcon_core.verb:set package 'simple_planner' build argument 'cmake_clean_first' from command line to 'False'
[0.181s] Level 5:colcon.colcon_core.verb:set package 'simple_planner' build argument 'cmake_force_configure' from command line to 'False'
[0.181s] Level 5:colcon.colcon_core.verb:set package 'simple_planner' build argument 'ament_cmake_args' from command line to 'None'
[0.181s] Level 5:colcon.colcon_core.verb:set package 'simple_planner' build argument 'catkin_cmake_args' from command line to 'None'
[0.181s] Level 5:colcon.colcon_core.verb:set package 'simple_planner' build argument 'catkin_skip_building_tests' from command line to 'False'
[0.181s] DEBUG:colcon.colcon_core.verb:Building package 'simple_planner' with the following arguments: {'ament_cmake_args': None, 'build_base': '/home/giuseppina-iannotti/Documents/GITHUB_PROJECTS/SimplePlanner/build/simple_planner', 'catkin_cmake_args': None, 'catkin_skip_building_tests': False, 'cmake_args': None, 'cmake_clean_cache': False, 'cmake_clean_first': False, 'cmake_force_configure': False, 'cmake_target': None, 'cmake_target_skip_unavailable': False, 'install_base': '/home/giuseppina-iannotti/Documents/GITHUB_PROJECTS/SimplePlanner/install/simple_planner', 'merge_install': False, 'path': '/home/giuseppina-iannotti/Documents/GITHUB_PROJECTS/SimplePlanner', 'symlink_install': False, 'test_result_base': None}
[0.181s] INFO:colcon.colcon_core.executor:Executing jobs using 'parallel' executor
[0.182s] DEBUG:colcon.colcon_parallel_executor.executor.parallel:run_until_complete
[0.182s] INFO:colcon.colcon_ros.task.ament_cmake.build:Building ROS package in '/home/giuseppina-iannotti/Documents/GITHUB_PROJECTS/SimplePlanner' with build type 'ament_cmake'
[0.182s] INFO:colcon.colcon_cmake.task.cmake.build:Building CMake package in '/home/giuseppina-iannotti/Documents/GITHUB_PROJECTS/SimplePlanner'
[0.183s] INFO:colcon.colcon_core.plugin_system:Skipping extension 'colcon_core.shell.bat': Not used on non-Windows systems
[0.183s] INFO:colcon.colcon_core.shell:Skip shell extension 'powershell' for command environment: Not usable outside of PowerShell
[0.184s] DEBUG:colcon.colcon_core.shell:Skip shell extension 'dsv' for command environment
[0.190s] DEBUG:colcon.colcon_core.event_handler.log_command:Invoking command in '/home/giuseppina-iannotti/Documents/GITHUB_PROJECTS/SimplePlanner/build/simple_planner': CMAKE_PREFIX_PATH=${CMAKE_PREFIX_PATH}:/opt/ros/jazzy DEBUGINFOD_URLS=https://debuginfod.ubuntu.com /usr/bin/cmake --build /home/giuseppina-iannotti/Documents/GITHUB_PROJECTS/SimplePlanner/build/simple_planner -- -j12 -l12
[7.958s] DEBUG:colcon.colcon_core.event_handler.log_command:Invoked command in '/home/giuseppina-iannotti/Documents/GITHUB_PROJECTS/SimplePlanner/build/simple_planner' returned '0': CMAKE_PREFIX_PATH=${CMAKE_PREFIX_PATH}:/opt/ros/jazzy DEBUGINFOD_URLS=https://debuginfod.ubuntu.com /usr/bin/cmake --build /home/giuseppina-iannotti/Documents/GITHUB_PROJECTS/SimplePlanner/build/simple_planner -- -j12 -l12
[7.973s] DEBUG:colcon.colcon_core.event_handler.log_command:Invoking command in '/home/giuseppina-iannotti/Documents/GITHUB_PROJECTS/SimplePlanner/build/simple_planner': CMAKE_PREFIX_PATH=${CMAKE_PREFIX_PATH}:/opt/ros/jazzy DEBUGINFOD_URLS=https://debuginfod.ubuntu.com /usr/bin/cmake --install /home/giuseppina-iannotti/Documents/GITHUB_PROJECTS/SimplePlanner/build/simple_planner
[7.999s] Level 1:colcon.colcon_core.environment:create_environment_scripts_only(simple_planner)
[8.001s] DEBUG:colcon.colcon_core.event_handler.log_command:Invoked command in '/home/giuseppina-iannotti/Documents/GITHUB_PROJECTS/SimplePlanner/build/simple_planner' returned '0': CMAKE_PREFIX_PATH=${CMAKE_PREFIX_PATH}:/opt/ros/jazzy DEBUGINFOD_URLS=https://debuginfod.ubuntu.com /usr/bin/cmake --install /home/giuseppina-iannotti/Documents/GITHUB_PROJECTS/SimplePlanner/build/simple_planner
[8.004s] Level 1:colcon.colcon_core.environment:checking '/home/giuseppina-iannotti/Documents/GITHUB_PROJECTS/SimplePlanner/install/simple_planner' for CMake module files
[8.005s] Level 1:colcon.colcon_core.environment:checking '/home/giuseppina-iannotti/Documents/GITHUB_PROJECTS/SimplePlanner/install/simple_planner' for CMake config files
[8.005s] Level 1:colcon.colcon_core.shell:create_environment_hook('simple_planner', 'cmake_prefix_path')
[8.006s] INFO:colcon.colcon_core.shell:Creating environment hook '/home/giuseppina-iannotti/Documents/GITHUB_PROJECTS/SimplePlanner/install/simple_planner/share/simple_planner/hook/cmake_prefix_path.ps1'
[8.006s] INFO:colcon.colcon_core.shell:Creating environment descriptor '/home/giuseppina-iannotti/Documents/GITHUB_PROJECTS/SimplePlanner/install/simple_planner/share/simple_planner/hook/cmake_prefix_path.dsv'
[8.007s] INFO:colcon.colcon_core.shell:Creating environment hook '/home/giuseppina-iannotti/Documents/GITHUB_PROJECTS/SimplePlanner/install/simple_planner/share/simple_planner/hook/cmake_prefix_path.sh'
[8.008s] Level 1:colcon.colcon_core.environment:checking '/home/giuseppina-iannotti/Documents/GITHUB_PROJECTS/SimplePlanner/install/simple_planner/lib'
[8.009s] Level 1:colcon.colcon_core.environment:checking '/home/giuseppina-iannotti/Documents/GITHUB_PROJECTS/SimplePlanner/install/simple_planner/bin'
[8.009s] Level 1:colcon.colcon_core.environment:checking '/home/giuseppina-iannotti/Documents/GITHUB_PROJECTS/SimplePlanner/install/simple_planner/lib/pkgconfig/simple_planner.pc'
[8.009s] Level 1:colcon.colcon_core.environment:checking '/home/giuseppina-iannotti/Documents/GITHUB_PROJECTS/SimplePlanner/install/simple_planner/lib/python3.12/site-packages'
[8.009s] Level 1:colcon.colcon_core.environment:checking '/home/giuseppina-iannotti/Documents/GITHUB_PROJECTS/SimplePlanner/install/simple_planner/bin'
[8.010s] INFO:colcon.colcon_core.shell:Creating package script '/home/giuseppina-iannotti/Documents/GITHUB_PROJECTS/SimplePlanner/install/simple_planner/share/simple_planner/package.ps1'
[8.011s] INFO:colcon.colcon_core.shell:Creating package descriptor '/home/giuseppina-iannotti/Documents/GITHUB_PROJECTS/SimplePlanner/install/simple_planner/share/simple_planner/package.dsv'
[8.011s] INFO:colcon.colcon_core.shell:Creating package script '/home/giuseppina-iannotti/Documents/GITHUB_PROJECTS/SimplePlanner/install/simple_planner/share/simple_planner/package.sh'
[8.012s] INFO:colcon.colcon_core.shell:Creating package script '/home/giuseppina-iannotti/Documents/GITHUB_PROJECTS/SimplePlanner/install/simple_planner/share/simple_planner/package.bash'
[8.013s] INFO:colcon.colcon_core.shell:Creating package script '/home/giuseppina-iannotti/Documents/GITHUB_PROJECTS/SimplePlanner/install/simple_planner/share/simple_planner/package.zsh'
[8.014s] Level 1:colcon.colcon_core.environment:create_file_with_runtime_dependencies(/home/giuseppina-iannotti/Documents/GITHUB_PROJECTS/SimplePlanner/install/simple_planner/share/colcon-core/packages/simple_planner)
[8.015s] Level 1:colcon.colcon_core.environment:create_environment_scripts_only(simple_planner)
[8.015s] Level 1:colcon.colcon_core.environment:checking '/home/giuseppina-iannotti/Documents/GITHUB_PROJECTS/SimplePlanner/install/simple_planner' for CMake module files
[8.015s] Level 1:colcon.colcon_core.environment:checking '/home/giuseppina-iannotti/Documents/GITHUB_PROJECTS/SimplePlanner/install/simple_planner' for CMake config files
[8.016s] Level 1:colcon.colcon_core.shell:create_environment_hook('simple_planner', 'cmake_prefix_path')
[8.016s] INFO:colcon.colcon_core.shell:Creating environment hook '/home/giuseppina-iannotti/Documents/GITHUB_PROJECTS/SimplePlanner/install/simple_planner/share/simple_planner/hook/cmake_prefix_path.ps1'
[8.016s] INFO:colcon.colcon_core.shell:Creating environment descriptor '/home/giuseppina-iannotti/Documents/GITHUB_PROJECTS/SimplePlanner/install/simple_planner/share/simple_planner/hook/cmake_prefix_path.dsv'
[8.017s] INFO:colcon.colcon_core.shell:Creating environment hook '/home/giuseppina-iannotti/Documents/GITHUB_PROJECTS/SimplePlanner/install/simple_planner/share/simple_planner/hook/cmake_prefix_path.sh'
[8.017s] Level 1:colcon.colcon_core.environment:checking '/home/giuseppina-iannotti/Documents/GITHUB_PROJECTS/SimplePlanner/install/simple_planner/lib'
[8.018s] Level 1:colcon.colcon_core.environment:checking '/home/giuseppina-iannotti/Documents/GITHUB_PROJECTS/SimplePlanner/install/simple_planner/bin'
[8.018s] Level 1:colcon.colcon_core.environment:checking '/home/giuseppina-iannotti/Documents/GITHUB_PROJECTS/SimplePlanner/install/simple_planner/lib/pkgconfig/simple_planner.pc'
[8.018s] Level 1:colcon.colcon_core.environment:checking '/home/giuseppina-iannotti/Documents/GITHUB_PROJECTS/SimplePlanner/install/simple_planner/lib/python3.12/site-packages'
[8.018s] Level 1:colcon.colcon_core.environment:checking '/home/giuseppina-iannotti/Documents/GITHUB_PROJECTS/SimplePlanner/install/simple_planner/bin'
[8.018s] INFO:colcon.colcon_core.shell:Creating package script '/home/giuseppina-iannotti/Documents/GITHUB_PROJECTS/SimplePlanner/install/simple_planner/share/simple_planner/package.ps1'
[8.019s] INFO:colcon.colcon_core.shell:Creating package descriptor '/home/giuseppina-iannotti/Documents/GITHUB_PROJECTS/SimplePlanner/install/simple_planner/share/simple_planner/package.dsv'
[8.020s] INFO:colcon.colcon_core.shell:Creating package script '/home/giuseppina-iannotti/Documents/GITHUB_PROJECTS/SimplePlanner/install/simple_planner/share/simple_planner/package.sh'
[8.020s] INFO:colcon.colcon_core.shell:Creating package script '/home/giuseppina-iannotti/Documents/GITHUB_PROJECTS/SimplePlanner/install/simple_planner/share/simple_planner/package.bash'
[8.021s] INFO:colcon.colcon_core.shell:Creating package script '/home/giuseppina-iannotti/Documents/GITHUB_PROJECTS/SimplePlanner/install/simple_planner/share/simple_planner/package.zsh'
[8.021s] Level 1:colcon.colcon_core.environment:create_file_with_runtime_dependencies(/home/giuseppina-iannotti/Documents/GITHUB_PROJECTS/SimplePlanner/install/simple_planner/share/colcon-core/packages/simple_planner)
[8.022s] DEBUG:colcon.colcon_parallel_executor.executor.parallel:closing loop
[8.022s] DEBUG:colcon.colcon_parallel_executor.executor.parallel:loop closed
[8.022s] DEBUG:colcon.colcon_parallel_executor.executor.parallel:run_until_complete finished with '0'
[8.022s] DEBUG:colcon.colcon_core.event_reactor:joining thread
[8.036s] INFO:colcon.colcon_core.plugin_system:Skipping extension 'colcon_notification.desktop_notification.terminal_notifier': Not used on non-Darwin systems
[8.037s] INFO:colcon.colcon_core.plugin_system:Skipping extension 'colcon_notification.desktop_notification.win32': Not used on non-Windows systems
[8.037s] INFO:colcon.colcon_notification.desktop_notification:Sending desktop notification using 'notify2'
[8.071s] DEBUG:colcon.colcon_core.event_reactor:joined thread
[8.072s] INFO:colcon.colcon_core.shell:Creating prefix script '/home/giuseppina-iannotti/Documents/GITHUB_PROJECTS/SimplePlanner/install/local_setup.ps1'
[8.074s] INFO:colcon.colcon_core.shell:Creating prefix util module '/home/giuseppina-iannotti/Documents/GITHUB_PROJECTS/SimplePlanner/install/_local_setup_util_ps1.py'
[8.076s] INFO:colcon.colcon_core.shell:Creating prefix chain script '/home/giuseppina-iannotti/Documents/GITHUB_PROJECTS/SimplePlanner/install/setup.ps1'
[8.078s] INFO:colcon.colcon_core.shell:Creating prefix script '/home/giuseppina-iannotti/Documents/GITHUB_PROJECTS/SimplePlanner/install/local_setup.sh'
[8.079s] INFO:colcon.colcon_core.shell:Creating prefix util module '/home/giuseppina-iannotti/Documents/GITHUB_PROJECTS/SimplePlanner/install/_local_setup_util_sh.py'
[8.080s] INFO:colcon.colcon_core.shell:Creating prefix chain script '/home/giuseppina-iannotti/Documents/GITHUB_PROJECTS/SimplePlanner/install/setup.sh'
[8.082s] INFO:colcon.colcon_core.shell:Creating prefix script '/home/giuseppina-iannotti/Documents/GITHUB_PROJECTS/SimplePlanner/install/local_setup.bash'
[8.083s] INFO:colcon.colcon_core.shell:Creating prefix chain script '/home/giuseppina-iannotti/Documents/GITHUB_PROJECTS/SimplePlanner/install/setup.bash'
[8.085s] INFO:colcon.colcon_core.shell:Creating prefix script '/home/giuseppina-iannotti/Documents/GITHUB_PROJECTS/SimplePlanner/install/local_setup.zsh'
[8.085s] INFO:colcon.colcon_core.shell:Creating prefix chain script '/home/giuseppina-iannotti/Documents/GITHUB_PROJECTS/SimplePlanner/install/setup.zsh'
